{"/Users/emmazhang/cafe-hop/backend/app.js": {"path":"/Users/emmazhang/cafe-hop/backend/app.js","statementMap":{"0":{"start":{"line":1,"column":16},"end":{"line":1,"column":34}},"1":{"start":{"line":2,"column":17},"end":{"line":2,"column":36}},"2":{"start":{"line":3,"column":0},"end":{"line":3,"column":27}},"3":{"start":{"line":4,"column":12},"end":{"line":4,"column":21}},"4":{"start":{"line":5,"column":0},"end":{"line":5,"column":24}},"5":{"start":{"line":6,"column":0},"end":{"line":6,"column":48}},"6":{"start":{"line":10,"column":20},"end":{"line":10,"column":45}},"7":{"start":{"line":11,"column":20},"end":{"line":11,"column":45}},"8":{"start":{"line":12,"column":27},"end":{"line":12,"column":59}},"9":{"start":{"line":13,"column":22},"end":{"line":13,"column":50}},"10":{"start":{"line":14,"column":19},"end":{"line":14,"column":49}},"11":{"start":{"line":17,"column":0},"end":{"line":17,"column":35}},"12":{"start":{"line":18,"column":0},"end":{"line":18,"column":35}},"13":{"start":{"line":19,"column":0},"end":{"line":19,"column":49}},"14":{"start":{"line":20,"column":0},"end":{"line":20,"column":40}},"15":{"start":{"line":21,"column":0},"end":{"line":21,"column":34}},"16":{"start":{"line":22,"column":0},"end":{"line":22,"column":35}},"17":{"start":{"line":26,"column":0},"end":{"line":28,"column":3}},"18":{"start":{"line":27,"column":4},"end":{"line":27,"column":25}},"19":{"start":{"line":31,"column":0},"end":{"line":31,"column":21}}},"fnMap":{"0":{"name":"(anonymous_0)","decl":{"start":{"line":26,"column":20},"end":{"line":26,"column":21}},"loc":{"start":{"line":26,"column":34},"end":{"line":28,"column":1}},"line":26}},"branchMap":{},"s":{"0":1,"1":1,"2":1,"3":1,"4":1,"5":1,"6":1,"7":1,"8":1,"9":1,"10":1,"11":1,"12":1,"13":1,"14":1,"15":1,"16":1,"17":1,"18":0,"19":1},"f":{"0":0},"b":{},"_coverageSchema":"1a1c01bbd47fc00a2c39e90264f33305004495a9","hash":"2e0b7bbcfc8bf6e3ef0c58e820f8d223a499a2e3"}
,"/Users/emmazhang/cafe-hop/backend/controllers/userController.js": {"path":"/Users/emmazhang/cafe-hop/backend/controllers/userController.js","statementMap":{"0":{"start":{"line":1,"column":12},"end":{"line":1,"column":35}},"1":{"start":{"line":2,"column":15},"end":{"line":2,"column":34}},"2":{"start":{"line":3,"column":21},"end":{"line":3,"column":53}},"3":{"start":{"line":4,"column":13},"end":{"line":4,"column":38}},"4":{"start":{"line":6,"column":21},"end":{"line":47,"column":2}},"5":{"start":{"line":7,"column":70},"end":{"line":7,"column":78}},"6":{"start":{"line":8,"column":4},"end":{"line":11,"column":5}},"7":{"start":{"line":9,"column":8},"end":{"line":9,"column":24}},"8":{"start":{"line":10,"column":8},"end":{"line":10,"column":62}},"9":{"start":{"line":13,"column":23},"end":{"line":13,"column":50}},"10":{"start":{"line":14,"column":4},"end":{"line":17,"column":5}},"11":{"start":{"line":15,"column":8},"end":{"line":15,"column":23}},"12":{"start":{"line":16,"column":8},"end":{"line":16,"column":46}},"13":{"start":{"line":19,"column":27},"end":{"line":19,"column":57}},"14":{"start":{"line":20,"column":4},"end":{"line":23,"column":5}},"15":{"start":{"line":21,"column":8},"end":{"line":21,"column":23}},"16":{"start":{"line":22,"column":8},"end":{"line":22,"column":44}},"17":{"start":{"line":25,"column":17},"end":{"line":25,"column":41}},"18":{"start":{"line":26,"column":27},"end":{"line":26,"column":60}},"19":{"start":{"line":28,"column":17},"end":{"line":35,"column":6}},"20":{"start":{"line":36,"column":4},"end":{"line":46,"column":5}},"21":{"start":{"line":37,"column":8},"end":{"line":42,"column":10}},"22":{"start":{"line":44,"column":8},"end":{"line":44,"column":23}},"23":{"start":{"line":45,"column":8},"end":{"line":45,"column":44}},"24":{"start":{"line":49,"column":18},"end":{"line":64,"column":2}},"25":{"start":{"line":50,"column":30},"end":{"line":50,"column":38}},"26":{"start":{"line":51,"column":17},"end":{"line":51,"column":44}},"27":{"start":{"line":53,"column":4},"end":{"line":63,"column":5}},"28":{"start":{"line":54,"column":8},"end":{"line":59,"column":10}},"29":{"start":{"line":61,"column":8},"end":{"line":61,"column":23}},"30":{"start":{"line":62,"column":8},"end":{"line":62,"column":46}},"31":{"start":{"line":66,"column":17},"end":{"line":75,"column":2}},"32":{"start":{"line":67,"column":17},"end":{"line":67,"column":69}},"33":{"start":{"line":69,"column":4},"end":{"line":72,"column":5}},"34":{"start":{"line":70,"column":8},"end":{"line":70,"column":23}},"35":{"start":{"line":71,"column":8},"end":{"line":71,"column":41}},"36":{"start":{"line":74,"column":4},"end":{"line":74,"column":30}},"37":{"start":{"line":77,"column":19},"end":{"line":89,"column":2}},"38":{"start":{"line":78,"column":17},"end":{"line":81,"column":26}},"39":{"start":{"line":83,"column":4},"end":{"line":86,"column":5}},"40":{"start":{"line":84,"column":8},"end":{"line":84,"column":23}},"41":{"start":{"line":85,"column":8},"end":{"line":85,"column":41}},"42":{"start":{"line":88,"column":4},"end":{"line":88,"column":18}},"43":{"start":{"line":91,"column":19},"end":{"line":101,"column":2}},"44":{"start":{"line":92,"column":17},"end":{"line":92,"column":58}},"45":{"start":{"line":94,"column":4},"end":{"line":97,"column":5}},"46":{"start":{"line":95,"column":8},"end":{"line":95,"column":23}},"47":{"start":{"line":96,"column":8},"end":{"line":96,"column":41}},"48":{"start":{"line":99,"column":4},"end":{"line":99,"column":26}},"49":{"start":{"line":103,"column":22},"end":{"line":105,"column":1}},"50":{"start":{"line":104,"column":4},"end":{"line":104,"column":68}},"51":{"start":{"line":107,"column":0},"end":{"line":113,"column":1}}},"fnMap":{"0":{"name":"(anonymous_0)","decl":{"start":{"line":6,"column":34},"end":{"line":6,"column":35}},"loc":{"start":{"line":6,"column":54},"end":{"line":47,"column":1}},"line":6},"1":{"name":"(anonymous_1)","decl":{"start":{"line":49,"column":31},"end":{"line":49,"column":32}},"loc":{"start":{"line":49,"column":51},"end":{"line":64,"column":1}},"line":49},"2":{"name":"(anonymous_2)","decl":{"start":{"line":66,"column":30},"end":{"line":66,"column":31}},"loc":{"start":{"line":66,"column":50},"end":{"line":75,"column":1}},"line":66},"3":{"name":"(anonymous_3)","decl":{"start":{"line":77,"column":32},"end":{"line":77,"column":33}},"loc":{"start":{"line":77,"column":52},"end":{"line":89,"column":1}},"line":77},"4":{"name":"(anonymous_4)","decl":{"start":{"line":91,"column":32},"end":{"line":91,"column":33}},"loc":{"start":{"line":91,"column":52},"end":{"line":101,"column":1}},"line":91},"5":{"name":"(anonymous_5)","decl":{"start":{"line":103,"column":22},"end":{"line":103,"column":23}},"loc":{"start":{"line":103,"column":30},"end":{"line":105,"column":1}},"line":103}},"branchMap":{"0":{"loc":{"start":{"line":8,"column":4},"end":{"line":11,"column":5}},"type":"if","locations":[{"start":{"line":8,"column":4},"end":{"line":11,"column":5}},{"start":{},"end":{}}],"line":8},"1":{"loc":{"start":{"line":8,"column":8},"end":{"line":8,"column":67}},"type":"binary-expr","locations":[{"start":{"line":8,"column":8},"end":{"line":8,"column":17}},{"start":{"line":8,"column":21},"end":{"line":8,"column":31}},{"start":{"line":8,"column":35},"end":{"line":8,"column":44}},{"start":{"line":8,"column":48},"end":{"line":8,"column":54}},{"start":{"line":8,"column":58},"end":{"line":8,"column":67}}],"line":8},"2":{"loc":{"start":{"line":14,"column":4},"end":{"line":17,"column":5}},"type":"if","locations":[{"start":{"line":14,"column":4},"end":{"line":17,"column":5}},{"start":{},"end":{}}],"line":14},"3":{"loc":{"start":{"line":20,"column":4},"end":{"line":23,"column":5}},"type":"if","locations":[{"start":{"line":20,"column":4},"end":{"line":23,"column":5}},{"start":{},"end":{}}],"line":20},"4":{"loc":{"start":{"line":36,"column":4},"end":{"line":46,"column":5}},"type":"if","locations":[{"start":{"line":36,"column":4},"end":{"line":46,"column":5}},{"start":{"line":43,"column":11},"end":{"line":46,"column":5}}],"line":36},"5":{"loc":{"start":{"line":53,"column":4},"end":{"line":63,"column":5}},"type":"if","locations":[{"start":{"line":53,"column":4},"end":{"line":63,"column":5}},{"start":{"line":60,"column":11},"end":{"line":63,"column":5}}],"line":53},"6":{"loc":{"start":{"line":53,"column":7},"end":{"line":53,"column":62}},"type":"binary-expr","locations":[{"start":{"line":53,"column":7},"end":{"line":53,"column":11}},{"start":{"line":53,"column":16},"end":{"line":53,"column":61}}],"line":53},"7":{"loc":{"start":{"line":69,"column":4},"end":{"line":72,"column":5}},"type":"if","locations":[{"start":{"line":69,"column":4},"end":{"line":72,"column":5}},{"start":{},"end":{}}],"line":69},"8":{"loc":{"start":{"line":83,"column":4},"end":{"line":86,"column":5}},"type":"if","locations":[{"start":{"line":83,"column":4},"end":{"line":86,"column":5}},{"start":{},"end":{}}],"line":83},"9":{"loc":{"start":{"line":94,"column":4},"end":{"line":97,"column":5}},"type":"if","locations":[{"start":{"line":94,"column":4},"end":{"line":97,"column":5}},{"start":{},"end":{}}],"line":94}},"s":{"0":1,"1":1,"2":1,"3":1,"4":1,"5":1,"6":1,"7":0,"8":0,"9":1,"10":1,"11":0,"12":0,"13":1,"14":1,"15":0,"16":0,"17":1,"18":1,"19":1,"20":1,"21":1,"22":0,"23":0,"24":1,"25":1,"26":1,"27":1,"28":1,"29":0,"30":0,"31":1,"32":2,"33":2,"34":0,"35":0,"36":2,"37":1,"38":1,"39":1,"40":0,"41":0,"42":1,"43":1,"44":1,"45":1,"46":0,"47":0,"48":1,"49":1,"50":2,"51":1},"f":{"0":1,"1":1,"2":2,"3":1,"4":1,"5":2},"b":{"0":[0,1],"1":[1,1,1,1,1],"2":[0,1],"3":[0,1],"4":[1,0],"5":[1,0],"6":[1,1],"7":[0,2],"8":[0,1],"9":[0,1]},"_coverageSchema":"1a1c01bbd47fc00a2c39e90264f33305004495a9","hash":"fa06c02b6d678a74c3f3767d33f6af399cf9019b"}
,"/Users/emmazhang/cafe-hop/backend/models/GroupChat.js": {"path":"/Users/emmazhang/cafe-hop/backend/models/GroupChat.js","statementMap":{"0":{"start":{"line":1,"column":31},"end":{"line":1,"column":50}},"1":{"start":{"line":4,"column":24},"end":{"line":29,"column":2}},"2":{"start":{"line":31,"column":0},"end":{"line":31,"column":53}}},"fnMap":{},"branchMap":{},"s":{"0":1,"1":1,"2":1},"f":{},"b":{},"_coverageSchema":"1a1c01bbd47fc00a2c39e90264f33305004495a9","hash":"6fb92b2989e3072a0c68f69ece89c7e4de2692af"}
,"/Users/emmazhang/cafe-hop/backend/models/JoinRequest.js": {"path":"/Users/emmazhang/cafe-hop/backend/models/JoinRequest.js","statementMap":{"0":{"start":{"line":1,"column":31},"end":{"line":1,"column":50}},"1":{"start":{"line":4,"column":26},"end":{"line":30,"column":2}},"2":{"start":{"line":32,"column":0},"end":{"line":32,"column":57}}},"fnMap":{},"branchMap":{},"s":{"0":1,"1":1,"2":1},"f":{},"b":{},"_coverageSchema":"1a1c01bbd47fc00a2c39e90264f33305004495a9","hash":"c715ccdaf49f1277c260ba8298949a9513745648"}
,"/Users/emmazhang/cafe-hop/backend/models/Message.js": {"path":"/Users/emmazhang/cafe-hop/backend/models/Message.js","statementMap":{"0":{"start":{"line":1,"column":31},"end":{"line":1,"column":50}},"1":{"start":{"line":4,"column":22},"end":{"line":25,"column":2}},"2":{"start":{"line":27,"column":0},"end":{"line":27,"column":49}}},"fnMap":{},"branchMap":{},"s":{"0":1,"1":1,"2":1},"f":{},"b":{},"_coverageSchema":"1a1c01bbd47fc00a2c39e90264f33305004495a9","hash":"59ad58335d19e9529bdc04c97d000ae94c337235"}
,"/Users/emmazhang/cafe-hop/backend/models/Post.js": {"path":"/Users/emmazhang/cafe-hop/backend/models/Post.js","statementMap":{"0":{"start":{"line":1,"column":31},"end":{"line":1,"column":50}},"1":{"start":{"line":3,"column":19},"end":{"line":39,"column":2}},"2":{"start":{"line":41,"column":0},"end":{"line":41,"column":43}}},"fnMap":{},"branchMap":{},"s":{"0":1,"1":1,"2":1},"f":{},"b":{},"_coverageSchema":"1a1c01bbd47fc00a2c39e90264f33305004495a9","hash":"750980218f56c6fbcf6eb61b793659c5058ad6ae"}
,"/Users/emmazhang/cafe-hop/backend/routes/groupChats.js": {"path":"/Users/emmazhang/cafe-hop/backend/routes/groupChats.js","statementMap":{"0":{"start":{"line":1,"column":16},"end":{"line":1,"column":34}},"1":{"start":{"line":3,"column":18},"end":{"line":3,"column":48}},"2":{"start":{"line":5,"column":15},"end":{"line":5,"column":31}},"3":{"start":{"line":23,"column":0},"end":{"line":31,"column":3}},"4":{"start":{"line":24,"column":4},"end":{"line":30,"column":5}},"5":{"start":{"line":25,"column":22},"end":{"line":25,"column":113}},"6":{"start":{"line":26,"column":8},"end":{"line":26,"column":24}},"7":{"start":{"line":29,"column":8},"end":{"line":29,"column":62}},"8":{"start":{"line":35,"column":0},"end":{"line":48,"column":3}},"9":{"start":{"line":36,"column":4},"end":{"line":47,"column":5}},"10":{"start":{"line":37,"column":21},"end":{"line":39,"column":15}},"11":{"start":{"line":40,"column":8},"end":{"line":42,"column":9}},"12":{"start":{"line":41,"column":12},"end":{"line":41,"column":80}},"13":{"start":{"line":43,"column":8},"end":{"line":43,"column":23}},"14":{"start":{"line":46,"column":8},"end":{"line":46,"column":70}},"15":{"start":{"line":51,"column":0},"end":{"line":64,"column":3}},"16":{"start":{"line":52,"column":4},"end":{"line":62,"column":5}},"17":{"start":{"line":53,"column":27},"end":{"line":53,"column":35}},"18":{"start":{"line":54,"column":21},"end":{"line":57,"column":16}},"19":{"start":{"line":58,"column":8},"end":{"line":58,"column":23}},"20":{"start":{"line":61,"column":8},"end":{"line":61,"column":60}},"21":{"start":{"line":69,"column":0},"end":{"line":81,"column":3}},"22":{"start":{"line":70,"column":4},"end":{"line":80,"column":5}},"23":{"start":{"line":71,"column":21},"end":{"line":71,"column":109}},"24":{"start":{"line":72,"column":8},"end":{"line":74,"column":9}},"25":{"start":{"line":73,"column":12},"end":{"line":73,"column":67}},"26":{"start":{"line":75,"column":8},"end":{"line":75,"column":23}},"27":{"start":{"line":79,"column":8},"end":{"line":79,"column":50}},"28":{"start":{"line":87,"column":0},"end":{"line":87,"column":24}}},"fnMap":{"0":{"name":"(anonymous_0)","decl":{"start":{"line":23,"column":29},"end":{"line":23,"column":30}},"loc":{"start":{"line":23,"column":49},"end":{"line":31,"column":1}},"line":23},"1":{"name":"(anonymous_1)","decl":{"start":{"line":35,"column":33},"end":{"line":35,"column":34}},"loc":{"start":{"line":35,"column":53},"end":{"line":48,"column":1}},"line":35},"2":{"name":"(anonymous_2)","decl":{"start":{"line":51,"column":26},"end":{"line":51,"column":27}},"loc":{"start":{"line":51,"column":46},"end":{"line":64,"column":1}},"line":51},"3":{"name":"(anonymous_3)","decl":{"start":{"line":69,"column":19},"end":{"line":69,"column":20}},"loc":{"start":{"line":69,"column":39},"end":{"line":81,"column":1}},"line":69}},"branchMap":{"0":{"loc":{"start":{"line":40,"column":8},"end":{"line":42,"column":9}},"type":"if","locations":[{"start":{"line":40,"column":8},"end":{"line":42,"column":9}},{"start":{},"end":{}}],"line":40},"1":{"loc":{"start":{"line":72,"column":8},"end":{"line":74,"column":9}},"type":"if","locations":[{"start":{"line":72,"column":8},"end":{"line":74,"column":9}},{"start":{},"end":{}}],"line":72}},"s":{"0":1,"1":1,"2":1,"3":1,"4":0,"5":0,"6":0,"7":0,"8":1,"9":0,"10":0,"11":0,"12":0,"13":0,"14":0,"15":1,"16":0,"17":0,"18":0,"19":0,"20":0,"21":1,"22":0,"23":0,"24":0,"25":0,"26":0,"27":0,"28":1},"f":{"0":0,"1":0,"2":0,"3":0},"b":{"0":[0,0],"1":[0,0]},"_coverageSchema":"1a1c01bbd47fc00a2c39e90264f33305004495a9","hash":"3462d8ee8e2e858ce5a00ff39ba3abe837f479b4"}
,"/Users/emmazhang/cafe-hop/backend/routes/joinRequests.js": {"path":"/Users/emmazhang/cafe-hop/backend/routes/joinRequests.js","statementMap":{"0":{"start":{"line":1,"column":16},"end":{"line":1,"column":34}},"1":{"start":{"line":3,"column":18},"end":{"line":3,"column":48}},"2":{"start":{"line":5,"column":20},"end":{"line":5,"column":52}},"3":{"start":{"line":7,"column":13},"end":{"line":7,"column":38}},"4":{"start":{"line":9,"column":15},"end":{"line":9,"column":31}},"5":{"start":{"line":12,"column":0},"end":{"line":21,"column":3}},"6":{"start":{"line":13,"column":4},"end":{"line":19,"column":5}},"7":{"start":{"line":14,"column":28},"end":{"line":14,"column":62}},"8":{"start":{"line":15,"column":8},"end":{"line":15,"column":42}},"9":{"start":{"line":18,"column":8},"end":{"line":18,"column":69}},"10":{"start":{"line":25,"column":0},"end":{"line":57,"column":7}},"11":{"start":{"line":26,"column":4},"end":{"line":56,"column":5}},"12":{"start":{"line":27,"column":28},"end":{"line":31,"column":16}},"13":{"start":{"line":33,"column":8},"end":{"line":36,"column":9}},"14":{"start":{"line":34,"column":12},"end":{"line":34,"column":55}},"15":{"start":{"line":35,"column":12},"end":{"line":35,"column":19}},"16":{"start":{"line":37,"column":20},"end":{"line":37,"column":80}},"17":{"start":{"line":38,"column":25},"end":{"line":38,"column":34}},"18":{"start":{"line":39,"column":26},"end":{"line":50,"column":16}},"19":{"start":{"line":51,"column":8},"end":{"line":51,"column":43}},"20":{"start":{"line":54,"column":8},"end":{"line":54,"column":51}},"21":{"start":{"line":55,"column":8},"end":{"line":55,"column":15}},"22":{"start":{"line":62,"column":0},"end":{"line":75,"column":3}},"23":{"start":{"line":63,"column":4},"end":{"line":74,"column":5}},"24":{"start":{"line":64,"column":28},"end":{"line":68,"column":16}},"25":{"start":{"line":69,"column":8},"end":{"line":69,"column":30}},"26":{"start":{"line":72,"column":8},"end":{"line":72,"column":51}},"27":{"start":{"line":78,"column":0},"end":{"line":96,"column":3}},"28":{"start":{"line":79,"column":4},"end":{"line":94,"column":5}},"29":{"start":{"line":80,"column":25},"end":{"line":88,"column":15}},"30":{"start":{"line":89,"column":8},"end":{"line":89,"column":27}},"31":{"start":{"line":93,"column":8},"end":{"line":93,"column":86}},"32":{"start":{"line":100,"column":0},"end":{"line":115,"column":3}},"33":{"start":{"line":101,"column":4},"end":{"line":114,"column":5}},"34":{"start":{"line":102,"column":25},"end":{"line":109,"column":19}},"35":{"start":{"line":110,"column":12},"end":{"line":110,"column":31}},"36":{"start":{"line":113,"column":8},"end":{"line":113,"column":78}},"37":{"start":{"line":117,"column":0},"end":{"line":117,"column":24}}},"fnMap":{"0":{"name":"(anonymous_0)","decl":{"start":{"line":12,"column":17},"end":{"line":12,"column":18}},"loc":{"start":{"line":12,"column":37},"end":{"line":21,"column":1}},"line":12},"1":{"name":"(anonymous_1)","decl":{"start":{"line":25,"column":28},"end":{"line":25,"column":29}},"loc":{"start":{"line":25,"column":48},"end":{"line":57,"column":5}},"line":25},"2":{"name":"(anonymous_2)","decl":{"start":{"line":62,"column":27},"end":{"line":62,"column":28}},"loc":{"start":{"line":62,"column":47},"end":{"line":75,"column":1}},"line":62},"3":{"name":"(anonymous_3)","decl":{"start":{"line":78,"column":33},"end":{"line":78,"column":34}},"loc":{"start":{"line":78,"column":53},"end":{"line":96,"column":1}},"line":78},"4":{"name":"(anonymous_4)","decl":{"start":{"line":100,"column":37},"end":{"line":100,"column":38}},"loc":{"start":{"line":100,"column":56},"end":{"line":115,"column":1}},"line":100}},"branchMap":{"0":{"loc":{"start":{"line":33,"column":8},"end":{"line":36,"column":9}},"type":"if","locations":[{"start":{"line":33,"column":8},"end":{"line":36,"column":9}},{"start":{},"end":{}}],"line":33}},"s":{"0":1,"1":1,"2":1,"3":1,"4":1,"5":1,"6":0,"7":0,"8":0,"9":0,"10":1,"11":0,"12":0,"13":0,"14":0,"15":0,"16":0,"17":0,"18":0,"19":0,"20":0,"21":0,"22":1,"23":0,"24":0,"25":0,"26":0,"27":1,"28":0,"29":0,"30":0,"31":0,"32":1,"33":0,"34":0,"35":0,"36":0,"37":1},"f":{"0":0,"1":0,"2":0,"3":0,"4":0},"b":{"0":[0,0]},"_coverageSchema":"1a1c01bbd47fc00a2c39e90264f33305004495a9","hash":"4e1fc4ac3d564597b003fd8192d07f4624be9c7c"}
,"/Users/emmazhang/cafe-hop/backend/routes/messages.js": {"path":"/Users/emmazhang/cafe-hop/backend/routes/messages.js","statementMap":{"0":{"start":{"line":1,"column":16},"end":{"line":1,"column":34}},"1":{"start":{"line":3,"column":16},"end":{"line":3,"column":44}},"2":{"start":{"line":5,"column":15},"end":{"line":5,"column":31}},"3":{"start":{"line":7,"column":0},"end":{"line":15,"column":3}},"4":{"start":{"line":8,"column":4},"end":{"line":14,"column":5}},"5":{"start":{"line":9,"column":24},"end":{"line":9,"column":54}},"6":{"start":{"line":10,"column":8},"end":{"line":10,"column":38}},"7":{"start":{"line":13,"column":8},"end":{"line":13,"column":55}},"8":{"start":{"line":17,"column":0},"end":{"line":30,"column":3}},"9":{"start":{"line":18,"column":4},"end":{"line":28,"column":5}},"10":{"start":{"line":19,"column":25},"end":{"line":22,"column":15}},"11":{"start":{"line":23,"column":8},"end":{"line":23,"column":27}},"12":{"start":{"line":26,"column":8},"end":{"line":26,"column":59}},"13":{"start":{"line":32,"column":0},"end":{"line":32,"column":24}}},"fnMap":{"0":{"name":"(anonymous_0)","decl":{"start":{"line":7,"column":17},"end":{"line":7,"column":18}},"loc":{"start":{"line":7,"column":37},"end":{"line":15,"column":1}},"line":7},"1":{"name":"(anonymous_1)","decl":{"start":{"line":17,"column":28},"end":{"line":17,"column":29}},"loc":{"start":{"line":17,"column":48},"end":{"line":30,"column":1}},"line":17}},"branchMap":{},"s":{"0":1,"1":1,"2":1,"3":1,"4":0,"5":0,"6":0,"7":0,"8":1,"9":0,"10":0,"11":0,"12":0,"13":1},"f":{"0":0,"1":0},"b":{},"_coverageSchema":"1a1c01bbd47fc00a2c39e90264f33305004495a9","hash":"7b6042fcfc1faa4cd326f3df07a1d2a9c469549b"}
,"/Users/emmazhang/cafe-hop/backend/routes/users.js": {"path":"/Users/emmazhang/cafe-hop/backend/routes/users.js","statementMap":{"0":{"start":{"line":1,"column":16},"end":{"line":1,"column":34}},"1":{"start":{"line":3,"column":15},"end":{"line":3,"column":31}},"2":{"start":{"line":4,"column":68},"end":{"line":4,"column":108}},"3":{"start":{"line":5,"column":18},"end":{"line":5,"column":57}},"4":{"start":{"line":7,"column":0},"end":{"line":7,"column":30}},"5":{"start":{"line":8,"column":0},"end":{"line":8,"column":32}},"6":{"start":{"line":9,"column":0},"end":{"line":9,"column":36}},"7":{"start":{"line":10,"column":0},"end":{"line":10,"column":40}},"8":{"start":{"line":11,"column":0},"end":{"line":11,"column":41}},"9":{"start":{"line":14,"column":0},"end":{"line":14,"column":24}}},"fnMap":{},"branchMap":{},"s":{"0":1,"1":1,"2":1,"3":1,"4":1,"5":1,"6":1,"7":1,"8":1,"9":1},"f":{},"b":{},"_coverageSchema":"1a1c01bbd47fc00a2c39e90264f33305004495a9","hash":"5e1c6e683464ee73880c9d7a82ac89d8ba6082e6"}
}
