TN:
SF:app.js
FN:26,(anonymous_0)
FNF:1
FNH:0
FNDA:0,(anonymous_0)
DA:1,1
DA:2,1
DA:3,1
DA:4,1
DA:5,1
DA:6,1
DA:10,1
DA:11,1
DA:12,1
DA:13,1
DA:14,1
DA:17,1
DA:18,1
DA:19,1
DA:20,1
DA:21,1
DA:22,1
DA:26,1
DA:27,0
DA:31,1
LF:20
LH:19
BRF:0
BRH:0
end_of_record
TN:
SF:controllers/userController.js
FN:6,(anonymous_0)
FN:49,(anonymous_1)
FN:66,(anonymous_2)
FN:77,(anonymous_3)
FN:91,(anonymous_4)
FN:103,(anonymous_5)
FNF:6
FNH:6
FNDA:1,(anonymous_0)
FNDA:1,(anonymous_1)
FNDA:2,(anonymous_2)
FNDA:1,(anonymous_3)
FNDA:1,(anonymous_4)
FNDA:2,(anonymous_5)
DA:1,1
DA:2,1
DA:3,1
DA:4,1
DA:6,1
DA:7,1
DA:8,1
DA:9,0
DA:10,0
DA:13,1
DA:14,1
DA:15,0
DA:16,0
DA:19,1
DA:20,1
DA:21,0
DA:22,0
DA:25,1
DA:26,1
DA:28,1
DA:36,1
DA:37,1
DA:44,0
DA:45,0
DA:49,1
DA:50,1
DA:51,1
DA:53,1
DA:54,1
DA:61,0
DA:62,0
DA:66,1
DA:67,2
DA:69,2
DA:70,0
DA:71,0
DA:74,2
DA:77,1
DA:78,1
DA:83,1
DA:84,0
DA:85,0
DA:88,1
DA:91,1
DA:92,1
DA:94,1
DA:95,0
DA:96,0
DA:99,1
DA:103,1
DA:104,2
DA:107,1
LF:52
LH:36
BRDA:8,0,0,0
BRDA:8,0,1,1
BRDA:8,1,0,1
BRDA:8,1,1,1
BRDA:8,1,2,1
BRDA:8,1,3,1
BRDA:8,1,4,1
BRDA:14,2,0,0
BRDA:14,2,1,1
BRDA:20,3,0,0
BRDA:20,3,1,1
BRDA:36,4,0,1
BRDA:36,4,1,0
BRDA:53,5,0,1
BRDA:53,5,1,0
BRDA:53,6,0,1
BRDA:53,6,1,1
BRDA:69,7,0,0
BRDA:69,7,1,2
BRDA:83,8,0,0
BRDA:83,8,1,1
BRDA:94,9,0,0
BRDA:94,9,1,1
BRF:23
BRH:15
end_of_record
TN:
SF:models/GroupChat.js
FNF:0
FNH:0
DA:1,1
DA:4,1
DA:31,1
LF:3
LH:3
BRF:0
BRH:0
end_of_record
TN:
SF:models/JoinRequest.js
FNF:0
FNH:0
DA:1,1
DA:4,1
DA:32,1
LF:3
LH:3
BRF:0
BRH:0
end_of_record
TN:
SF:models/Message.js
FNF:0
FNH:0
DA:1,1
DA:4,1
DA:27,1
LF:3
LH:3
BRF:0
BRH:0
end_of_record
TN:
SF:models/Post.js
FNF:0
FNH:0
DA:1,1
DA:3,1
DA:41,1
LF:3
LH:3
BRF:0
BRH:0
end_of_record
TN:
SF:routes/groupChats.js
FN:23,(anonymous_0)
FN:35,(anonymous_1)
FN:51,(anonymous_2)
FN:69,(anonymous_3)
FNF:4
FNH:0
FNDA:0,(anonymous_0)
FNDA:0,(anonymous_1)
FNDA:0,(anonymous_2)
FNDA:0,(anonymous_3)
DA:1,1
DA:3,1
DA:5,1
DA:23,1
DA:24,0
DA:25,0
DA:26,0
DA:29,0
DA:35,1
DA:36,0
DA:37,0
DA:40,0
DA:41,0
DA:43,0
DA:46,0
DA:51,1
DA:52,0
DA:53,0
DA:54,0
DA:58,0
DA:61,0
DA:69,1
DA:70,0
DA:71,0
DA:72,0
DA:73,0
DA:75,0
DA:79,0
DA:87,1
LF:29
LH:8
BRDA:40,0,0,0
BRDA:40,0,1,0
BRDA:72,1,0,0
BRDA:72,1,1,0
BRF:4
BRH:0
end_of_record
TN:
SF:routes/joinRequests.js
FN:12,(anonymous_0)
FN:25,(anonymous_1)
FN:62,(anonymous_2)
FN:78,(anonymous_3)
FN:100,(anonymous_4)
FNF:5
FNH:0
FNDA:0,(anonymous_0)
FNDA:0,(anonymous_1)
FNDA:0,(anonymous_2)
FNDA:0,(anonymous_3)
FNDA:0,(anonymous_4)
DA:1,1
DA:3,1
DA:5,1
DA:7,1
DA:9,1
DA:12,1
DA:13,0
DA:14,0
DA:15,0
DA:18,0
DA:25,1
DA:26,0
DA:27,0
DA:33,0
DA:34,0
DA:35,0
DA:37,0
DA:38,0
DA:39,0
DA:51,0
DA:54,0
DA:55,0
DA:62,1
DA:63,0
DA:64,0
DA:69,0
DA:72,0
DA:78,1
DA:79,0
DA:80,0
DA:89,0
DA:93,0
DA:100,1
DA:101,0
DA:102,0
DA:110,0
DA:113,0
DA:117,1
LF:38
LH:11
BRDA:33,0,0,0
BRDA:33,0,1,0
BRF:2
BRH:0
end_of_record
TN:
SF:routes/messages.js
FN:7,(anonymous_0)
FN:17,(anonymous_1)
FNF:2
FNH:0
FNDA:0,(anonymous_0)
FNDA:0,(anonymous_1)
DA:1,1
DA:3,1
DA:5,1
DA:7,1
DA:8,0
DA:9,0
DA:10,0
DA:13,0
DA:17,1
DA:18,0
DA:19,0
DA:23,0
DA:26,0
DA:32,1
LF:14
LH:6
BRF:0
BRH:0
end_of_record
TN:
SF:routes/users.js
FNF:0
FNH:0
DA:1,1
DA:3,1
DA:4,1
DA:5,1
DA:7,1
DA:8,1
DA:9,1
DA:10,1
DA:11,1
DA:14,1
LF:10
LH:10
BRF:0
BRH:0
end_of_record
